Arguments: 
  C:\Program Files\nodejs\node.exe C:\Program Files (x86)\Yarn\bin\yarn.js marp watch

PATH: 
  C:\WINDOWS\system32;C:\WINDOWS;C:\WINDOWS\System32\Wbem;C:\WINDOWS\System32\WindowsPowerShell\v1.0\;C:\Program Files\Git\cmd;C:\Program Files\CMake\bin;C:\ProgramData\chocolatey\bin;C:\Program Files (x86)\Yarn\bin\;C:\WINDOWS\System32\OpenSSH\;C:\Program Files\Java\jdk1.8.0_172\bin;C:\Program Files\Microsoft VS Code Insiders\bin;C:\Program Files\LLVM\bin;C:\Go\bin;C:\Program Files\NVIDIA Corporation\NVIDIA NGX;C:\Program Files (x86)\NVIDIA Corporation\PhysX\Common;C:\Program Files\NVIDIA Corporation\NVIDIA NvDLISR;C:\WINDOWS\system32;C:\WINDOWS;C:\WINDOWS\System32\Wbem;C:\WINDOWS\System32\WindowsPowerShell\v1.0\;C:\WINDOWS\System32\OpenSSH\;C:\Program Files\nodejs\;C:\Program Files\Docker\Docker\resources\bin;C:\ProgramData\DockerDesktop\version-bin;C:\Users\jasew\AppData\Local\Programs\Python\Python36\Scripts\;C:\Users\jasew\AppData\Local\Programs\Python\Python36\;C:\Ruby24-x64\bin;C:\Users\jasew\.cargo\bin;C:\Users\jasew\AppData\Local\Microsoft\WindowsApps;C:\Python27\Scripts;C:\Python27;C:\Program Files (x86)\Microsoft Visual Studio\2017\Community\VC\Tools\MSVC\14.10.25017\bin\HostX64\x64;C:\Program Files (x86)\GnuWin32\bin;C:\Program Files\Microsoft VS Code\bin;C:\Program Files\Sublime Text 3;C:\Program Files\nmap;C:\Users\jasew\workspace\go\bin;C:\Users\jasew\AppData\Local\Yarn\bin;C:\Users\jasew\AppData\Local\hyper\app-2.0.0\resources\bin;C:\Users\jasew\go\bin;C:\Users\jasew\AppData\Local\Programs\Microsoft VS Code\bin;C:\Users\jasew\workspace\mdBook\target\debug;C:\Users\jasew\AppData\Roaming\npm

Yarn version: 
  1.5.1

Node version: 
  13.1.0

Platform: 
  win32 x64

npm manifest: 
  {
    "name": "temporal",
    "version": "1.0.0",
    "description": "",
    "main": "index.html",
    "scripts": {
      "build": "marp README.md -o index.html",
      "watch": "marp --watch README.md -o index.html"
    },
    "keywords": [],
    "author": "Philipp Dunkel <pip@pipobscure.com>",
    "license": "ISC",
    "devDependencies": {
      "@marp-team/marp-cli": "^0.7.0"
    }
  }

yarn manifest: 
  No manifest

Lockfile: 
  No lockfile

Trace: 
  Error: Command failed.
  Exit code: 1
  Command: C:\WINDOWS\system32\cmd.exe
  Arguments: /d /s /c C:\Users\jasew\workspace\pipobscure.github.io\temporal-2020-03\node_modules\.bin\marp watch
  Directory: C:\Users\jasew\workspace\pipobscure.github.io\temporal-2020-03
  Output:
  
      at ProcessTermError.MessageError (C:\Program Files (x86)\Yarn\lib\cli.js:186:110)
      at new ProcessTermError (C:\Program Files (x86)\Yarn\lib\cli.js:226:113)
      at ChildProcess.<anonymous> (C:\Program Files (x86)\Yarn\lib\cli.js:30281:17)
      at ChildProcess.emit (events.js:210:5)
      at maybeClose (internal/child_process.js:1028:16)
      at Process.ChildProcess._handle.onexit (internal/child_process.js:283:5)
